Info:  Net i:/WORK/ALU_DW_div_uns_0/remainder[7] is undriven.
Info:  Net i:/WORK/ALU_DW_div_uns_0/remainder[6] is undriven.
Info:  Net i:/WORK/ALU_DW_div_uns_0/remainder[5] is undriven.
Info:  Net i:/WORK/ALU_DW_div_uns_0/remainder[4] is undriven.
Info:  Net i:/WORK/ALU_DW_div_uns_0/remainder[3] is undriven.
Info:  Net i:/WORK/ALU_DW_div_uns_0/remainder[2] is undriven.
Info:  Net i:/WORK/ALU_DW_div_uns_0/remainder[1] is undriven.
Info:  Net i:/WORK/ALU_DW_div_uns_0/remainder[0] is undriven.
Info:  Net i:/WORK/ALU_DW_div_uns_0/divide_by_0 is undriven.
Info:  Net i:/WORK/ALU_DW01_sub_0/CO is undriven.
Info:  Net i:/WORK/ALU_DW01_add_0/CO is undriven.
Info:  Net i:/WORK/ALU_DW01_add_1/CO is undriven.
Info:  guide_transformation 94 (Line: 706) Retrying with unread processing enabled.
Info:  SVF Operation 94 (Line: 706) - transformation_share.  Status: rejected

Info:  guide_uniquify 115 (Line: 991)  Cannot find object "CLK_DIV_RX/U11" in design 'SYS_TOP'.
Info:  SVF Operation 115 (Line: 991) - uniquify.  Status: rejected
Info:  guide_uniquify 115 (Line: 991)  Cannot find object "CLK_DIV_TX/U11" in design 'SYS_TOP'.
Info:  guide_uniquify 123 (Line: 1031)  Cannot find object "ALU_UNIT/dp_cluster_0/mult_24" in design 'SYS_TOP'.
Info:  Pre-verification of r:/WORK/ALU/div_25 SUCCEEDED.
Info:  Pre-verification of r:/WORK/ALU/mult_24 SUCCEEDED.
