Info:  Net r:/WORK/SYS_TOP/SO[3] is undriven.
Info:  Net r:/WORK/SYS_TOP/SO[2] is undriven.
Info:  Net r:/WORK/SYS_TOP/SO[1] is undriven.
Info:  Net r:/WORK/SYS_TOP/SO[0] is undriven.
Info:  Net i:/WORK/ALU_DW_div_uns_0/remainder[7] is undriven.
Info:  Net i:/WORK/ALU_DW_div_uns_0/remainder[6] is undriven.
Info:  Net i:/WORK/ALU_DW_div_uns_0/remainder[5] is undriven.
Info:  Net i:/WORK/ALU_DW_div_uns_0/remainder[4] is undriven.
Info:  Net i:/WORK/ALU_DW_div_uns_0/remainder[3] is undriven.
Info:  Net i:/WORK/ALU_DW_div_uns_0/remainder[2] is undriven.
Info:  Net i:/WORK/ALU_DW_div_uns_0/remainder[1] is undriven.
Info:  Net i:/WORK/ALU_DW_div_uns_0/remainder[0] is undriven.
Info:  Net i:/WORK/ALU_DW_div_uns_0/divide_by_0 is undriven.
Info:  Net i:/WORK/ALU_DW01_sub_0/CO is undriven.
Info:  Net i:/WORK/ALU_DW01_add_0/CO is undriven.
Info:  Net i:/WORK/ALU_DW01_add_1/CO is undriven.
Info:  guide_transformation 95 (Line: 718) Retrying with unread processing enabled.
Info:  SVF Operation 95 (Line: 718) - transformation_share.  Status: rejected

Info:  guide_uniquify 116 (Line: 1003)  Cannot find object "CLK_DIV_RX/U11" in design 'SYS_TOP'.
Info:  SVF Operation 116 (Line: 1003) - uniquify.  Status: rejected
Info:  guide_uniquify 116 (Line: 1003)  Cannot find object "CLK_DIV_TX/U11" in design 'SYS_TOP'.
Info:  guide_uniquify 116 (Line: 1003)  Cannot find object "U3_mux2X1/U1" in design 'SYS_TOP'.
Info:  guide_uniquify 116 (Line: 1003)  Cannot find object "U2_mux2X1/U1" in design 'SYS_TOP'.
Info:  guide_uniquify 124 (Line: 1050)  Cannot find object "ALU_UNIT/dp_cluster_0/mult_24" in design 'SYS_TOP'.
Info:  Pre-verification of r:/WORK/ALU/div_25 SUCCEEDED.
Info:  Pre-verification of r:/WORK/ALU/mult_24 SUCCEEDED.
Info:  guide_scan_input 152 (Line: 1164)  synopsys_auto_setup is false, ignoring Scan Input guidance.
Info:  SVF Operation 152 (Line: 1164) - scan_input.  Status: rejected

Info:  guide_scan_input 153 (Line: 1169)  synopsys_auto_setup is false, ignoring Scan Input guidance.
Info:  SVF Operation 153 (Line: 1169) - scan_input.  Status: rejected

