 
****************************************
Report : clocks
Design : SYS_TOP
Version: K-2015.06
Date   : Mon Sep 29 00:41:49 2025
****************************************

Attributes:
    d - dont_touch_network
    f - fix_hold
    p - propagated_clock
    G - generated_clock
    g - lib_generated_clock

Clock          Period   Waveform            Attrs     Sources
--------------------------------------------------------------------------------
ALU_CLK         20.00   {0 10}              G d       {CLOCK_GATING/GATED_CLK}
REF_CLK         20.00   {0 10}                        {REF_CLK}
RX_CLK         271.27   {0 135.634}         G d       {CLK_DIV_RX/o_div_clk}
TX_CLK        8680.56   {0 4340.28}         G d       {CLK_DIV_TX/o_div_clk}
UART_CLK       271.27   {0 135.634}                   {UART_CLK}
scan_clk       100.00   {0 50}                        {scan_clk}
--------------------------------------------------------------------------------

Generated     Master         Generated      Master         Waveform
Clock         Source         Source         Clock          Modification
--------------------------------------------------------------------------------
ALU_CLK       REF_CLK        {CLOCK_GATING/GATED_CLK}
                                            REF_CLK        divide_by(1)
RX_CLK        UART_CLK       {CLK_DIV_RX/o_div_clk}
                                            UART_CLK       divide_by(1)
TX_CLK        UART_CLK       {CLK_DIV_TX/o_div_clk}
                                            UART_CLK       divide_by(32)
--------------------------------------------------------------------------------
1
