**************************************************
Report         : passing_points

Reference      : r:/WORK/SYS_TOP
Implementation : i:/WORK/SYS_TOP
Version        : L-2016.03-SP1
Date           : Mon Sep 29 00:32:37 2025
**************************************************

380 Passing compare points:

  Ref  DFF        r:/WORK/SYS_TOP/ALU_UNIT/ALU_OUT_reg[0]
  Impl DFF        i:/WORK/SYS_TOP/ALU_UNIT/ALU_OUT_reg[0]

  Ref  DFF        r:/WORK/SYS_TOP/ALU_UNIT/ALU_OUT_reg[10]
  Impl DFF        i:/WORK/SYS_TOP/ALU_UNIT/ALU_OUT_reg[10]

  Ref  DFF        r:/WORK/SYS_TOP/ALU_UNIT/ALU_OUT_reg[11]
  Impl DFF        i:/WORK/SYS_TOP/ALU_UNIT/ALU_OUT_reg[11]

  Ref  DFF        r:/WORK/SYS_TOP/ALU_UNIT/ALU_OUT_reg[12]
  Impl DFF        i:/WORK/SYS_TOP/ALU_UNIT/ALU_OUT_reg[12]

  Ref  DFF        r:/WORK/SYS_TOP/ALU_UNIT/ALU_OUT_reg[13]
  Impl DFF        i:/WORK/SYS_TOP/ALU_UNIT/ALU_OUT_reg[13]

  Ref  DFF        r:/WORK/SYS_TOP/ALU_UNIT/ALU_OUT_reg[14]
  Impl DFF        i:/WORK/SYS_TOP/ALU_UNIT/ALU_OUT_reg[14]

  Ref  DFF        r:/WORK/SYS_TOP/ALU_UNIT/ALU_OUT_reg[15]
  Impl DFF        i:/WORK/SYS_TOP/ALU_UNIT/ALU_OUT_reg[15]

  Ref  DFF        r:/WORK/SYS_TOP/ALU_UNIT/ALU_OUT_reg[1]
  Impl DFF        i:/WORK/SYS_TOP/ALU_UNIT/ALU_OUT_reg[1]

  Ref  DFF        r:/WORK/SYS_TOP/ALU_UNIT/ALU_OUT_reg[2]
  Impl DFF        i:/WORK/SYS_TOP/ALU_UNIT/ALU_OUT_reg[2]

  Ref  DFF        r:/WORK/SYS_TOP/ALU_UNIT/ALU_OUT_reg[3]
  Impl DFF        i:/WORK/SYS_TOP/ALU_UNIT/ALU_OUT_reg[3]

  Ref  DFF        r:/WORK/SYS_TOP/ALU_UNIT/ALU_OUT_reg[4]
  Impl DFF        i:/WORK/SYS_TOP/ALU_UNIT/ALU_OUT_reg[4]

  Ref  DFF        r:/WORK/SYS_TOP/ALU_UNIT/ALU_OUT_reg[5]
  Impl DFF        i:/WORK/SYS_TOP/ALU_UNIT/ALU_OUT_reg[5]

  Ref  DFF        r:/WORK/SYS_TOP/ALU_UNIT/ALU_OUT_reg[6]
  Impl DFF        i:/WORK/SYS_TOP/ALU_UNIT/ALU_OUT_reg[6]

  Ref  DFF        r:/WORK/SYS_TOP/ALU_UNIT/ALU_OUT_reg[7]
  Impl DFF        i:/WORK/SYS_TOP/ALU_UNIT/ALU_OUT_reg[7]

  Ref  DFF        r:/WORK/SYS_TOP/ALU_UNIT/ALU_OUT_reg[8]
  Impl DFF        i:/WORK/SYS_TOP/ALU_UNIT/ALU_OUT_reg[8]

  Ref  DFF        r:/WORK/SYS_TOP/ALU_UNIT/ALU_OUT_reg[9]
  Impl DFF        i:/WORK/SYS_TOP/ALU_UNIT/ALU_OUT_reg[9]

  Ref  DFF        r:/WORK/SYS_TOP/ALU_UNIT/OUT_VALID_reg
  Impl DFF        i:/WORK/SYS_TOP/ALU_UNIT/OUT_VALID_reg

  Ref  DFF        r:/WORK/SYS_TOP/ASYN_FIFO/link_FIFO_Read/raddr_reg[0]
  Impl DFF        i:/WORK/SYS_TOP/ASYN_FIFO/link_FIFO_Read/raddr_reg[0]

  Ref  DFF        r:/WORK/SYS_TOP/ASYN_FIFO/link_FIFO_Read/raddr_reg[1]
  Impl DFF        i:/WORK/SYS_TOP/ASYN_FIFO/link_FIFO_Read/raddr_reg[1]

  Ref  DFF        r:/WORK/SYS_TOP/ASYN_FIFO/link_FIFO_Read/raddr_reg[2]
  Impl DFF        i:/WORK/SYS_TOP/ASYN_FIFO/link_FIFO_Read/raddr_reg[2]

  Ref  DFF        r:/WORK/SYS_TOP/ASYN_FIFO/link_FIFO_Read/rptr_bin_reg[0]
  Impl DFF        i:/WORK/SYS_TOP/ASYN_FIFO/link_FIFO_Read/rptr_bin_reg[0]

  Ref  DFF        r:/WORK/SYS_TOP/ASYN_FIFO/link_FIFO_Read/rptr_bin_reg[1]
  Impl DFF        i:/WORK/SYS_TOP/ASYN_FIFO/link_FIFO_Read/rptr_bin_reg[1]

  Ref  DFF        r:/WORK/SYS_TOP/ASYN_FIFO/link_FIFO_Read/rptr_bin_reg[2]
  Impl DFF        i:/WORK/SYS_TOP/ASYN_FIFO/link_FIFO_Read/rptr_bin_reg[2]

  Ref  DFF        r:/WORK/SYS_TOP/ASYN_FIFO/link_FIFO_Read/rptr_bin_reg[3]
  Impl DFF        i:/WORK/SYS_TOP/ASYN_FIFO/link_FIFO_Read/rptr_bin_reg[3]

  Ref  DFF        r:/WORK/SYS_TOP/ASYN_FIFO/link_FIFO_Read/rptr_reg[0]
  Impl DFF        i:/WORK/SYS_TOP/ASYN_FIFO/link_FIFO_Read/rptr_reg[0]

  Ref  DFF        r:/WORK/SYS_TOP/ASYN_FIFO/link_FIFO_Read/rptr_reg[1]
  Impl DFF        i:/WORK/SYS_TOP/ASYN_FIFO/link_FIFO_Read/rptr_reg[1]

  Ref  DFF        r:/WORK/SYS_TOP/ASYN_FIFO/link_FIFO_Read/rptr_reg[2]
  Impl DFF        i:/WORK/SYS_TOP/ASYN_FIFO/link_FIFO_Read/rptr_reg[2]

  Ref  DFF        r:/WORK/SYS_TOP/ASYN_FIFO/link_FIFO_Read/rptr_reg[3]
  Impl DFF        i:/WORK/SYS_TOP/ASYN_FIFO/link_FIFO_Read/rptr_reg[3]

  Ref  DFF        r:/WORK/SYS_TOP/ASYN_FIFO/link_FIFO_Write/waddr_reg[0]
  Impl DFF        i:/WORK/SYS_TOP/ASYN_FIFO/link_FIFO_Write/waddr_reg[0]

  Ref  DFF        r:/WORK/SYS_TOP/ASYN_FIFO/link_FIFO_Write/waddr_reg[1]
  Impl DFF        i:/WORK/SYS_TOP/ASYN_FIFO/link_FIFO_Write/waddr_reg[1]

  Ref  DFF        r:/WORK/SYS_TOP/ASYN_FIFO/link_FIFO_Write/waddr_reg[2]
  Impl DFF        i:/WORK/SYS_TOP/ASYN_FIFO/link_FIFO_Write/waddr_reg[2]

  Ref  DFF        r:/WORK/SYS_TOP/ASYN_FIFO/link_FIFO_Write/wptr_bin_reg[0]
  Impl DFF        i:/WORK/SYS_TOP/ASYN_FIFO/link_FIFO_Write/wptr_bin_reg[0]

  Ref  DFF        r:/WORK/SYS_TOP/ASYN_FIFO/link_FIFO_Write/wptr_bin_reg[1]
  Impl DFF        i:/WORK/SYS_TOP/ASYN_FIFO/link_FIFO_Write/wptr_bin_reg[1]

  Ref  DFF        r:/WORK/SYS_TOP/ASYN_FIFO/link_FIFO_Write/wptr_bin_reg[2]
  Impl DFF        i:/WORK/SYS_TOP/ASYN_FIFO/link_FIFO_Write/wptr_bin_reg[2]

  Ref  DFF        r:/WORK/SYS_TOP/ASYN_FIFO/link_FIFO_Write/wptr_bin_reg[3]
  Impl DFF        i:/WORK/SYS_TOP/ASYN_FIFO/link_FIFO_Write/wptr_bin_reg[3]

  Ref  DFF        r:/WORK/SYS_TOP/ASYN_FIFO/link_FIFO_Write/wptr_reg[0]
  Impl DFF        i:/WORK/SYS_TOP/ASYN_FIFO/link_FIFO_Write/wptr_reg[0]

  Ref  DFF        r:/WORK/SYS_TOP/ASYN_FIFO/link_FIFO_Write/wptr_reg[1]
  Impl DFF        i:/WORK/SYS_TOP/ASYN_FIFO/link_FIFO_Write/wptr_reg[1]

  Ref  DFF        r:/WORK/SYS_TOP/ASYN_FIFO/link_FIFO_Write/wptr_reg[2]
  Impl DFF        i:/WORK/SYS_TOP/ASYN_FIFO/link_FIFO_Write/wptr_reg[2]

  Ref  DFF        r:/WORK/SYS_TOP/ASYN_FIFO/link_FIFO_Write/wptr_reg[3]
  Impl DFF        i:/WORK/SYS_TOP/ASYN_FIFO/link_FIFO_Write/wptr_reg[3]

  Ref  DFF        r:/WORK/SYS_TOP/ASYN_FIFO/link_Memory/RAM_reg[0][0]
  Impl DFF        i:/WORK/SYS_TOP/ASYN_FIFO/link_Memory/RAM_reg[0][0]

  Ref  DFF        r:/WORK/SYS_TOP/ASYN_FIFO/link_Memory/RAM_reg[0][1]
  Impl DFF        i:/WORK/SYS_TOP/ASYN_FIFO/link_Memory/RAM_reg[0][1]

  Ref  DFF        r:/WORK/SYS_TOP/ASYN_FIFO/link_Memory/RAM_reg[0][2]
  Impl DFF        i:/WORK/SYS_TOP/ASYN_FIFO/link_Memory/RAM_reg[0][2]

  Ref  DFF        r:/WORK/SYS_TOP/ASYN_FIFO/link_Memory/RAM_reg[0][3]
  Impl DFF        i:/WORK/SYS_TOP/ASYN_FIFO/link_Memory/RAM_reg[0][3]

  Ref  DFF        r:/WORK/SYS_TOP/ASYN_FIFO/link_Memory/RAM_reg[0][4]
  Impl DFF        i:/WORK/SYS_TOP/ASYN_FIFO/link_Memory/RAM_reg[0][4]

  Ref  DFF        r:/WORK/SYS_TOP/ASYN_FIFO/link_Memory/RAM_reg[0][5]
  Impl DFF        i:/WORK/SYS_TOP/ASYN_FIFO/link_Memory/RAM_reg[0][5]

  Ref  DFF        r:/WORK/SYS_TOP/ASYN_FIFO/link_Memory/RAM_reg[0][6]
  Impl DFF        i:/WORK/SYS_TOP/ASYN_FIFO/link_Memory/RAM_reg[0][6]

  Ref  DFF        r:/WORK/SYS_TOP/ASYN_FIFO/link_Memory/RAM_reg[0][7]
  Impl DFF        i:/WORK/SYS_TOP/ASYN_FIFO/link_Memory/RAM_reg[0][7]

  Ref  DFF        r:/WORK/SYS_TOP/ASYN_FIFO/link_Memory/RAM_reg[1][0]
  Impl DFF        i:/WORK/SYS_TOP/ASYN_FIFO/link_Memory/RAM_reg[1][0]

  Ref  DFF        r:/WORK/SYS_TOP/ASYN_FIFO/link_Memory/RAM_reg[1][1]
  Impl DFF        i:/WORK/SYS_TOP/ASYN_FIFO/link_Memory/RAM_reg[1][1]

  Ref  DFF        r:/WORK/SYS_TOP/ASYN_FIFO/link_Memory/RAM_reg[1][2]
  Impl DFF        i:/WORK/SYS_TOP/ASYN_FIFO/link_Memory/RAM_reg[1][2]

  Ref  DFF        r:/WORK/SYS_TOP/ASYN_FIFO/link_Memory/RAM_reg[1][3]
  Impl DFF        i:/WORK/SYS_TOP/ASYN_FIFO/link_Memory/RAM_reg[1][3]

  Ref  DFF        r:/WORK/SYS_TOP/ASYN_FIFO/link_Memory/RAM_reg[1][4]
  Impl DFF        i:/WORK/SYS_TOP/ASYN_FIFO/link_Memory/RAM_reg[1][4]

  Ref  DFF        r:/WORK/SYS_TOP/ASYN_FIFO/link_Memory/RAM_reg[1][5]
  Impl DFF        i:/WORK/SYS_TOP/ASYN_FIFO/link_Memory/RAM_reg[1][5]

  Ref  DFF        r:/WORK/SYS_TOP/ASYN_FIFO/link_Memory/RAM_reg[1][6]
  Impl DFF        i:/WORK/SYS_TOP/ASYN_FIFO/link_Memory/RAM_reg[1][6]

  Ref  DFF        r:/WORK/SYS_TOP/ASYN_FIFO/link_Memory/RAM_reg[1][7]
  Impl DFF        i:/WORK/SYS_TOP/ASYN_FIFO/link_Memory/RAM_reg[1][7]

  Ref  DFF        r:/WORK/SYS_TOP/ASYN_FIFO/link_Memory/RAM_reg[2][0]
  Impl DFF        i:/WORK/SYS_TOP/ASYN_FIFO/link_Memory/RAM_reg[2][0]

  Ref  DFF        r:/WORK/SYS_TOP/ASYN_FIFO/link_Memory/RAM_reg[2][1]
  Impl DFF        i:/WORK/SYS_TOP/ASYN_FIFO/link_Memory/RAM_reg[2][1]

  Ref  DFF        r:/WORK/SYS_TOP/ASYN_FIFO/link_Memory/RAM_reg[2][2]
  Impl DFF        i:/WORK/SYS_TOP/ASYN_FIFO/link_Memory/RAM_reg[2][2]

  Ref  DFF        r:/WORK/SYS_TOP/ASYN_FIFO/link_Memory/RAM_reg[2][3]
  Impl DFF        i:/WORK/SYS_TOP/ASYN_FIFO/link_Memory/RAM_reg[2][3]

  Ref  DFF        r:/WORK/SYS_TOP/ASYN_FIFO/link_Memory/RAM_reg[2][4]
  Impl DFF        i:/WORK/SYS_TOP/ASYN_FIFO/link_Memory/RAM_reg[2][4]

  Ref  DFF        r:/WORK/SYS_TOP/ASYN_FIFO/link_Memory/RAM_reg[2][5]
  Impl DFF        i:/WORK/SYS_TOP/ASYN_FIFO/link_Memory/RAM_reg[2][5]

  Ref  DFF        r:/WORK/SYS_TOP/ASYN_FIFO/link_Memory/RAM_reg[2][6]
  Impl DFF        i:/WORK/SYS_TOP/ASYN_FIFO/link_Memory/RAM_reg[2][6]

  Ref  DFF        r:/WORK/SYS_TOP/ASYN_FIFO/link_Memory/RAM_reg[2][7]
  Impl DFF        i:/WORK/SYS_TOP/ASYN_FIFO/link_Memory/RAM_reg[2][7]

  Ref  DFF        r:/WORK/SYS_TOP/ASYN_FIFO/link_Memory/RAM_reg[3][0]
  Impl DFF        i:/WORK/SYS_TOP/ASYN_FIFO/link_Memory/RAM_reg[3][0]

  Ref  DFF        r:/WORK/SYS_TOP/ASYN_FIFO/link_Memory/RAM_reg[3][1]
  Impl DFF        i:/WORK/SYS_TOP/ASYN_FIFO/link_Memory/RAM_reg[3][1]

  Ref  DFF        r:/WORK/SYS_TOP/ASYN_FIFO/link_Memory/RAM_reg[3][2]
  Impl DFF        i:/WORK/SYS_TOP/ASYN_FIFO/link_Memory/RAM_reg[3][2]

  Ref  DFF        r:/WORK/SYS_TOP/ASYN_FIFO/link_Memory/RAM_reg[3][3]
  Impl DFF        i:/WORK/SYS_TOP/ASYN_FIFO/link_Memory/RAM_reg[3][3]

  Ref  DFF        r:/WORK/SYS_TOP/ASYN_FIFO/link_Memory/RAM_reg[3][4]
  Impl DFF        i:/WORK/SYS_TOP/ASYN_FIFO/link_Memory/RAM_reg[3][4]

  Ref  DFF        r:/WORK/SYS_TOP/ASYN_FIFO/link_Memory/RAM_reg[3][5]
  Impl DFF        i:/WORK/SYS_TOP/ASYN_FIFO/link_Memory/RAM_reg[3][5]

  Ref  DFF        r:/WORK/SYS_TOP/ASYN_FIFO/link_Memory/RAM_reg[3][6]
  Impl DFF        i:/WORK/SYS_TOP/ASYN_FIFO/link_Memory/RAM_reg[3][6]

  Ref  DFF        r:/WORK/SYS_TOP/ASYN_FIFO/link_Memory/RAM_reg[3][7]
  Impl DFF        i:/WORK/SYS_TOP/ASYN_FIFO/link_Memory/RAM_reg[3][7]

  Ref  DFF        r:/WORK/SYS_TOP/ASYN_FIFO/link_Memory/RAM_reg[4][0]
  Impl DFF        i:/WORK/SYS_TOP/ASYN_FIFO/link_Memory/RAM_reg[4][0]

  Ref  DFF        r:/WORK/SYS_TOP/ASYN_FIFO/link_Memory/RAM_reg[4][1]
  Impl DFF        i:/WORK/SYS_TOP/ASYN_FIFO/link_Memory/RAM_reg[4][1]

  Ref  DFF        r:/WORK/SYS_TOP/ASYN_FIFO/link_Memory/RAM_reg[4][2]
  Impl DFF        i:/WORK/SYS_TOP/ASYN_FIFO/link_Memory/RAM_reg[4][2]

  Ref  DFF        r:/WORK/SYS_TOP/ASYN_FIFO/link_Memory/RAM_reg[4][3]
  Impl DFF        i:/WORK/SYS_TOP/ASYN_FIFO/link_Memory/RAM_reg[4][3]

  Ref  DFF        r:/WORK/SYS_TOP/ASYN_FIFO/link_Memory/RAM_reg[4][4]
  Impl DFF        i:/WORK/SYS_TOP/ASYN_FIFO/link_Memory/RAM_reg[4][4]

  Ref  DFF        r:/WORK/SYS_TOP/ASYN_FIFO/link_Memory/RAM_reg[4][5]
  Impl DFF        i:/WORK/SYS_TOP/ASYN_FIFO/link_Memory/RAM_reg[4][5]

  Ref  DFF        r:/WORK/SYS_TOP/ASYN_FIFO/link_Memory/RAM_reg[4][6]
  Impl DFF        i:/WORK/SYS_TOP/ASYN_FIFO/link_Memory/RAM_reg[4][6]

  Ref  DFF        r:/WORK/SYS_TOP/ASYN_FIFO/link_Memory/RAM_reg[4][7]
  Impl DFF        i:/WORK/SYS_TOP/ASYN_FIFO/link_Memory/RAM_reg[4][7]

  Ref  DFF        r:/WORK/SYS_TOP/ASYN_FIFO/link_Memory/RAM_reg[5][0]
  Impl DFF        i:/WORK/SYS_TOP/ASYN_FIFO/link_Memory/RAM_reg[5][0]

  Ref  DFF        r:/WORK/SYS_TOP/ASYN_FIFO/link_Memory/RAM_reg[5][1]
  Impl DFF        i:/WORK/SYS_TOP/ASYN_FIFO/link_Memory/RAM_reg[5][1]

  Ref  DFF        r:/WORK/SYS_TOP/ASYN_FIFO/link_Memory/RAM_reg[5][2]
  Impl DFF        i:/WORK/SYS_TOP/ASYN_FIFO/link_Memory/RAM_reg[5][2]

  Ref  DFF        r:/WORK/SYS_TOP/ASYN_FIFO/link_Memory/RAM_reg[5][3]
  Impl DFF        i:/WORK/SYS_TOP/ASYN_FIFO/link_Memory/RAM_reg[5][3]

  Ref  DFF        r:/WORK/SYS_TOP/ASYN_FIFO/link_Memory/RAM_reg[5][4]
  Impl DFF        i:/WORK/SYS_TOP/ASYN_FIFO/link_Memory/RAM_reg[5][4]

  Ref  DFF        r:/WORK/SYS_TOP/ASYN_FIFO/link_Memory/RAM_reg[5][5]
  Impl DFF        i:/WORK/SYS_TOP/ASYN_FIFO/link_Memory/RAM_reg[5][5]

  Ref  DFF        r:/WORK/SYS_TOP/ASYN_FIFO/link_Memory/RAM_reg[5][6]
  Impl DFF        i:/WORK/SYS_TOP/ASYN_FIFO/link_Memory/RAM_reg[5][6]

  Ref  DFF        r:/WORK/SYS_TOP/ASYN_FIFO/link_Memory/RAM_reg[5][7]
  Impl DFF        i:/WORK/SYS_TOP/ASYN_FIFO/link_Memory/RAM_reg[5][7]

  Ref  DFF        r:/WORK/SYS_TOP/ASYN_FIFO/link_Memory/RAM_reg[6][0]
  Impl DFF        i:/WORK/SYS_TOP/ASYN_FIFO/link_Memory/RAM_reg[6][0]

  Ref  DFF        r:/WORK/SYS_TOP/ASYN_FIFO/link_Memory/RAM_reg[6][1]
  Impl DFF        i:/WORK/SYS_TOP/ASYN_FIFO/link_Memory/RAM_reg[6][1]

  Ref  DFF        r:/WORK/SYS_TOP/ASYN_FIFO/link_Memory/RAM_reg[6][2]
  Impl DFF        i:/WORK/SYS_TOP/ASYN_FIFO/link_Memory/RAM_reg[6][2]

  Ref  DFF        r:/WORK/SYS_TOP/ASYN_FIFO/link_Memory/RAM_reg[6][3]
  Impl DFF        i:/WORK/SYS_TOP/ASYN_FIFO/link_Memory/RAM_reg[6][3]

  Ref  DFF        r:/WORK/SYS_TOP/ASYN_FIFO/link_Memory/RAM_reg[6][4]
  Impl DFF        i:/WORK/SYS_TOP/ASYN_FIFO/link_Memory/RAM_reg[6][4]

  Ref  DFF        r:/WORK/SYS_TOP/ASYN_FIFO/link_Memory/RAM_reg[6][5]
  Impl DFF        i:/WORK/SYS_TOP/ASYN_FIFO/link_Memory/RAM_reg[6][5]

  Ref  DFF        r:/WORK/SYS_TOP/ASYN_FIFO/link_Memory/RAM_reg[6][6]
  Impl DFF        i:/WORK/SYS_TOP/ASYN_FIFO/link_Memory/RAM_reg[6][6]

  Ref  DFF        r:/WORK/SYS_TOP/ASYN_FIFO/link_Memory/RAM_reg[6][7]
  Impl DFF        i:/WORK/SYS_TOP/ASYN_FIFO/link_Memory/RAM_reg[6][7]

  Ref  DFF        r:/WORK/SYS_TOP/ASYN_FIFO/link_Memory/RAM_reg[7][0]
  Impl DFF        i:/WORK/SYS_TOP/ASYN_FIFO/link_Memory/RAM_reg[7][0]

  Ref  DFF        r:/WORK/SYS_TOP/ASYN_FIFO/link_Memory/RAM_reg[7][1]
  Impl DFF        i:/WORK/SYS_TOP/ASYN_FIFO/link_Memory/RAM_reg[7][1]

  Ref  DFF        r:/WORK/SYS_TOP/ASYN_FIFO/link_Memory/RAM_reg[7][2]
  Impl DFF        i:/WORK/SYS_TOP/ASYN_FIFO/link_Memory/RAM_reg[7][2]

  Ref  DFF        r:/WORK/SYS_TOP/ASYN_FIFO/link_Memory/RAM_reg[7][3]
  Impl DFF        i:/WORK/SYS_TOP/ASYN_FIFO/link_Memory/RAM_reg[7][3]

  Ref  DFF        r:/WORK/SYS_TOP/ASYN_FIFO/link_Memory/RAM_reg[7][4]
  Impl DFF        i:/WORK/SYS_TOP/ASYN_FIFO/link_Memory/RAM_reg[7][4]

  Ref  DFF        r:/WORK/SYS_TOP/ASYN_FIFO/link_Memory/RAM_reg[7][5]
  Impl DFF        i:/WORK/SYS_TOP/ASYN_FIFO/link_Memory/RAM_reg[7][5]

  Ref  DFF        r:/WORK/SYS_TOP/ASYN_FIFO/link_Memory/RAM_reg[7][6]
  Impl DFF        i:/WORK/SYS_TOP/ASYN_FIFO/link_Memory/RAM_reg[7][6]

  Ref  DFF        r:/WORK/SYS_TOP/ASYN_FIFO/link_Memory/RAM_reg[7][7]
  Impl DFF        i:/WORK/SYS_TOP/ASYN_FIFO/link_Memory/RAM_reg[7][7]

  Ref  DFF        r:/WORK/SYS_TOP/ASYN_FIFO/link_synchronizer_read/ff1_reg[0]
  Impl DFF        i:/WORK/SYS_TOP/ASYN_FIFO/link_synchronizer_read/ff1_reg[0]

  Ref  DFF        r:/WORK/SYS_TOP/ASYN_FIFO/link_synchronizer_read/ff1_reg[1]
  Impl DFF        i:/WORK/SYS_TOP/ASYN_FIFO/link_synchronizer_read/ff1_reg[1]

  Ref  DFF        r:/WORK/SYS_TOP/ASYN_FIFO/link_synchronizer_read/ff1_reg[2]
  Impl DFF        i:/WORK/SYS_TOP/ASYN_FIFO/link_synchronizer_read/ff1_reg[2]

  Ref  DFF        r:/WORK/SYS_TOP/ASYN_FIFO/link_synchronizer_read/ff1_reg[3]
  Impl DFF        i:/WORK/SYS_TOP/ASYN_FIFO/link_synchronizer_read/ff1_reg[3]

  Ref  DFF        r:/WORK/SYS_TOP/ASYN_FIFO/link_synchronizer_read/q2_ptr_reg[0]
  Impl DFF        i:/WORK/SYS_TOP/ASYN_FIFO/link_synchronizer_read/q2_ptr_reg[0]

  Ref  DFF        r:/WORK/SYS_TOP/ASYN_FIFO/link_synchronizer_read/q2_ptr_reg[1]
  Impl DFF        i:/WORK/SYS_TOP/ASYN_FIFO/link_synchronizer_read/q2_ptr_reg[1]

  Ref  DFF        r:/WORK/SYS_TOP/ASYN_FIFO/link_synchronizer_read/q2_ptr_reg[2]
  Impl DFF        i:/WORK/SYS_TOP/ASYN_FIFO/link_synchronizer_read/q2_ptr_reg[2]

  Ref  DFF        r:/WORK/SYS_TOP/ASYN_FIFO/link_synchronizer_read/q2_ptr_reg[3]
  Impl DFF        i:/WORK/SYS_TOP/ASYN_FIFO/link_synchronizer_read/q2_ptr_reg[3]

  Ref  DFF        r:/WORK/SYS_TOP/ASYN_FIFO/link_synchronizer_write/ff1_reg[0]
  Impl DFF        i:/WORK/SYS_TOP/ASYN_FIFO/link_synchronizer_write/ff1_reg[0]

  Ref  DFF        r:/WORK/SYS_TOP/ASYN_FIFO/link_synchronizer_write/ff1_reg[1]
  Impl DFF        i:/WORK/SYS_TOP/ASYN_FIFO/link_synchronizer_write/ff1_reg[1]

  Ref  DFF        r:/WORK/SYS_TOP/ASYN_FIFO/link_synchronizer_write/ff1_reg[2]
  Impl DFF        i:/WORK/SYS_TOP/ASYN_FIFO/link_synchronizer_write/ff1_reg[2]

  Ref  DFF        r:/WORK/SYS_TOP/ASYN_FIFO/link_synchronizer_write/ff1_reg[3]
  Impl DFF        i:/WORK/SYS_TOP/ASYN_FIFO/link_synchronizer_write/ff1_reg[3]

  Ref  DFF        r:/WORK/SYS_TOP/ASYN_FIFO/link_synchronizer_write/q2_ptr_reg[0]
  Impl DFF        i:/WORK/SYS_TOP/ASYN_FIFO/link_synchronizer_write/q2_ptr_reg[0]

  Ref  DFF        r:/WORK/SYS_TOP/ASYN_FIFO/link_synchronizer_write/q2_ptr_reg[1]
  Impl DFF        i:/WORK/SYS_TOP/ASYN_FIFO/link_synchronizer_write/q2_ptr_reg[1]

  Ref  DFF        r:/WORK/SYS_TOP/ASYN_FIFO/link_synchronizer_write/q2_ptr_reg[2]
  Impl DFF        i:/WORK/SYS_TOP/ASYN_FIFO/link_synchronizer_write/q2_ptr_reg[2]

  Ref  DFF        r:/WORK/SYS_TOP/ASYN_FIFO/link_synchronizer_write/q2_ptr_reg[3]
  Impl DFF        i:/WORK/SYS_TOP/ASYN_FIFO/link_synchronizer_write/q2_ptr_reg[3]

  Ref  DFF        r:/WORK/SYS_TOP/CLK_DIV_RX/count_reg[0]
  Impl DFF        i:/WORK/SYS_TOP/CLK_DIV_RX/count_reg[0]

  Ref  DFF        r:/WORK/SYS_TOP/CLK_DIV_RX/count_reg[1]
  Impl DFF        i:/WORK/SYS_TOP/CLK_DIV_RX/count_reg[1]

  Ref  DFF        r:/WORK/SYS_TOP/CLK_DIV_RX/count_reg[2]
  Impl DFF        i:/WORK/SYS_TOP/CLK_DIV_RX/count_reg[2]

  Ref  DFF        r:/WORK/SYS_TOP/CLK_DIV_RX/count_reg[3]
  Impl DFF        i:/WORK/SYS_TOP/CLK_DIV_RX/count_reg[3]

  Ref  DFF        r:/WORK/SYS_TOP/CLK_DIV_RX/count_reg[4]
  Impl DFF        i:/WORK/SYS_TOP/CLK_DIV_RX/count_reg[4]

  Ref  DFF        r:/WORK/SYS_TOP/CLK_DIV_RX/count_reg[5]
  Impl DFF        i:/WORK/SYS_TOP/CLK_DIV_RX/count_reg[5]

  Ref  DFF        r:/WORK/SYS_TOP/CLK_DIV_RX/count_reg[6]
  Impl DFF        i:/WORK/SYS_TOP/CLK_DIV_RX/count_reg[6]

  Ref  DFF        r:/WORK/SYS_TOP/CLK_DIV_RX/div_clk_reg
  Impl DFF        i:/WORK/SYS_TOP/CLK_DIV_RX/div_clk_reg

  Ref  DFF        r:/WORK/SYS_TOP/CLK_DIV_RX/odd_edge_tog_reg
  Impl DFF        i:/WORK/SYS_TOP/CLK_DIV_RX/odd_edge_tog_reg

  Ref  DFF        r:/WORK/SYS_TOP/CLK_DIV_TX/count_reg[0]
  Impl DFF        i:/WORK/SYS_TOP/CLK_DIV_TX/count_reg[0]

  Ref  DFF        r:/WORK/SYS_TOP/CLK_DIV_TX/count_reg[1]
  Impl DFF        i:/WORK/SYS_TOP/CLK_DIV_TX/count_reg[1]

  Ref  DFF        r:/WORK/SYS_TOP/CLK_DIV_TX/count_reg[2]
  Impl DFF        i:/WORK/SYS_TOP/CLK_DIV_TX/count_reg[2]

  Ref  DFF        r:/WORK/SYS_TOP/CLK_DIV_TX/count_reg[3]
  Impl DFF        i:/WORK/SYS_TOP/CLK_DIV_TX/count_reg[3]

  Ref  DFF        r:/WORK/SYS_TOP/CLK_DIV_TX/count_reg[4]
  Impl DFF        i:/WORK/SYS_TOP/CLK_DIV_TX/count_reg[4]

  Ref  DFF        r:/WORK/SYS_TOP/CLK_DIV_TX/count_reg[5]
  Impl DFF        i:/WORK/SYS_TOP/CLK_DIV_TX/count_reg[5]

  Ref  DFF        r:/WORK/SYS_TOP/CLK_DIV_TX/count_reg[6]
  Impl DFF        i:/WORK/SYS_TOP/CLK_DIV_TX/count_reg[6]

  Ref  DFF        r:/WORK/SYS_TOP/CLK_DIV_TX/div_clk_reg
  Impl DFF        i:/WORK/SYS_TOP/CLK_DIV_TX/div_clk_reg

  Ref  DFF        r:/WORK/SYS_TOP/CLK_DIV_TX/odd_edge_tog_reg
  Impl DFF        i:/WORK/SYS_TOP/CLK_DIV_TX/odd_edge_tog_reg

  Ref  LAT        r:/WORK/SYS_TOP/CLOCK_GATING/latch_out_reg
  Impl LAT        i:/WORK/SYS_TOP/CLOCK_GATING/latch_out_reg

  Ref  DFF        r:/WORK/SYS_TOP/CONTROL_UNIT/ALU_FUN_reg[0]
  Impl DFF        i:/WORK/SYS_TOP/CONTROL_UNIT/ALU_FUN_reg[0]

  Ref  DFF        r:/WORK/SYS_TOP/CONTROL_UNIT/ALU_FUN_reg[1]
  Impl DFF        i:/WORK/SYS_TOP/CONTROL_UNIT/ALU_FUN_reg[1]

  Ref  DFF        r:/WORK/SYS_TOP/CONTROL_UNIT/ALU_FUN_reg[2]
  Impl DFF        i:/WORK/SYS_TOP/CONTROL_UNIT/ALU_FUN_reg[2]

  Ref  DFF        r:/WORK/SYS_TOP/CONTROL_UNIT/ALU_FUN_reg[3]
  Impl DFF        i:/WORK/SYS_TOP/CONTROL_UNIT/ALU_FUN_reg[3]

  Ref  DFF        r:/WORK/SYS_TOP/CONTROL_UNIT/ALU_Part1_Done_reg
  Impl DFF        i:/WORK/SYS_TOP/CONTROL_UNIT/ALU_Part1_Done_reg

  Ref  DFF        r:/WORK/SYS_TOP/CONTROL_UNIT/Address_reg[0]
  Impl DFF        i:/WORK/SYS_TOP/CONTROL_UNIT/Address_reg[0]

  Ref  DFF        r:/WORK/SYS_TOP/CONTROL_UNIT/Address_reg[1]
  Impl DFF        i:/WORK/SYS_TOP/CONTROL_UNIT/Address_reg[1]

  Ref  DFF        r:/WORK/SYS_TOP/CONTROL_UNIT/Address_reg[2]
  Impl DFF        i:/WORK/SYS_TOP/CONTROL_UNIT/Address_reg[2]

  Ref  DFF        r:/WORK/SYS_TOP/CONTROL_UNIT/Address_reg[3]
  Impl DFF        i:/WORK/SYS_TOP/CONTROL_UNIT/Address_reg[3]

  Ref  DFF        r:/WORK/SYS_TOP/CONTROL_UNIT/CLK_EN_reg
  Impl DFF        i:/WORK/SYS_TOP/CONTROL_UNIT/CLK_EN_reg

  Ref  DFF        r:/WORK/SYS_TOP/CONTROL_UNIT/EN_reg
  Impl DFF        i:/WORK/SYS_TOP/CONTROL_UNIT/EN_reg

  Ref  DFF        r:/WORK/SYS_TOP/CONTROL_UNIT/RdEn_reg
  Impl DFF        i:/WORK/SYS_TOP/CONTROL_UNIT/RdEn_reg

  Ref  DFF        r:/WORK/SYS_TOP/CONTROL_UNIT/TX_D_VLD_reg
  Impl DFF        i:/WORK/SYS_TOP/CONTROL_UNIT/TX_D_VLD_reg

  Ref  DFF        r:/WORK/SYS_TOP/CONTROL_UNIT/TX_P_DATA_reg[0]
  Impl DFF        i:/WORK/SYS_TOP/CONTROL_UNIT/TX_P_DATA_reg[0]

  Ref  DFF        r:/WORK/SYS_TOP/CONTROL_UNIT/TX_P_DATA_reg[1]
  Impl DFF        i:/WORK/SYS_TOP/CONTROL_UNIT/TX_P_DATA_reg[1]

  Ref  DFF        r:/WORK/SYS_TOP/CONTROL_UNIT/TX_P_DATA_reg[2]
  Impl DFF        i:/WORK/SYS_TOP/CONTROL_UNIT/TX_P_DATA_reg[2]

  Ref  DFF        r:/WORK/SYS_TOP/CONTROL_UNIT/TX_P_DATA_reg[3]
  Impl DFF        i:/WORK/SYS_TOP/CONTROL_UNIT/TX_P_DATA_reg[3]

  Ref  DFF        r:/WORK/SYS_TOP/CONTROL_UNIT/TX_P_DATA_reg[4]
  Impl DFF        i:/WORK/SYS_TOP/CONTROL_UNIT/TX_P_DATA_reg[4]

  Ref  DFF        r:/WORK/SYS_TOP/CONTROL_UNIT/TX_P_DATA_reg[5]
  Impl DFF        i:/WORK/SYS_TOP/CONTROL_UNIT/TX_P_DATA_reg[5]

  Ref  DFF        r:/WORK/SYS_TOP/CONTROL_UNIT/TX_P_DATA_reg[6]
  Impl DFF        i:/WORK/SYS_TOP/CONTROL_UNIT/TX_P_DATA_reg[6]

  Ref  DFF        r:/WORK/SYS_TOP/CONTROL_UNIT/TX_P_DATA_reg[7]
  Impl DFF        i:/WORK/SYS_TOP/CONTROL_UNIT/TX_P_DATA_reg[7]

  Ref  DFF        r:/WORK/SYS_TOP/CONTROL_UNIT/WrData_reg[0]
  Impl DFF        i:/WORK/SYS_TOP/CONTROL_UNIT/WrData_reg[0]

  Ref  DFF        r:/WORK/SYS_TOP/CONTROL_UNIT/WrData_reg[1]
  Impl DFF        i:/WORK/SYS_TOP/CONTROL_UNIT/WrData_reg[1]

  Ref  DFF        r:/WORK/SYS_TOP/CONTROL_UNIT/WrData_reg[2]
  Impl DFF        i:/WORK/SYS_TOP/CONTROL_UNIT/WrData_reg[2]

  Ref  DFF        r:/WORK/SYS_TOP/CONTROL_UNIT/WrData_reg[3]
  Impl DFF        i:/WORK/SYS_TOP/CONTROL_UNIT/WrData_reg[3]

  Ref  DFF        r:/WORK/SYS_TOP/CONTROL_UNIT/WrData_reg[4]
  Impl DFF        i:/WORK/SYS_TOP/CONTROL_UNIT/WrData_reg[4]

  Ref  DFF        r:/WORK/SYS_TOP/CONTROL_UNIT/WrData_reg[5]
  Impl DFF        i:/WORK/SYS_TOP/CONTROL_UNIT/WrData_reg[5]

  Ref  DFF        r:/WORK/SYS_TOP/CONTROL_UNIT/WrData_reg[6]
  Impl DFF        i:/WORK/SYS_TOP/CONTROL_UNIT/WrData_reg[6]

  Ref  DFF        r:/WORK/SYS_TOP/CONTROL_UNIT/WrData_reg[7]
  Impl DFF        i:/WORK/SYS_TOP/CONTROL_UNIT/WrData_reg[7]

  Ref  DFF        r:/WORK/SYS_TOP/CONTROL_UNIT/WrEn_reg
  Impl DFF        i:/WORK/SYS_TOP/CONTROL_UNIT/WrEn_reg

  Ref  DFF        r:/WORK/SYS_TOP/CONTROL_UNIT/state_reg[0]
  Impl DFF        i:/WORK/SYS_TOP/CONTROL_UNIT/state_reg[0]

  Ref  DFF        r:/WORK/SYS_TOP/CONTROL_UNIT/state_reg[1]
  Impl DFF        i:/WORK/SYS_TOP/CONTROL_UNIT/state_reg[1]

  Ref  DFF        r:/WORK/SYS_TOP/CONTROL_UNIT/state_reg[2]
  Impl DFF        i:/WORK/SYS_TOP/CONTROL_UNIT/state_reg[2]

  Ref  DFF        r:/WORK/SYS_TOP/DATA_SYNC/Pulse_Gen_reg
  Impl DFF        i:/WORK/SYS_TOP/DATA_SYNC/Pulse_Gen_reg

  Ref  DFF        r:/WORK/SYS_TOP/DATA_SYNC/enable_pulse_reg
  Impl DFF        i:/WORK/SYS_TOP/DATA_SYNC/enable_pulse_reg

  Ref  DFF        r:/WORK/SYS_TOP/DATA_SYNC/ff_reg[0]
  Impl DFF        i:/WORK/SYS_TOP/DATA_SYNC/ff_reg[0]

  Ref  DFF        r:/WORK/SYS_TOP/DATA_SYNC/ff_reg[1]
  Impl DFF        i:/WORK/SYS_TOP/DATA_SYNC/ff_reg[1]

  Ref  DFF        r:/WORK/SYS_TOP/DATA_SYNC/sync_bus_reg[0]
  Impl DFF        i:/WORK/SYS_TOP/DATA_SYNC/sync_bus_reg[0]

  Ref  DFF        r:/WORK/SYS_TOP/DATA_SYNC/sync_bus_reg[1]
  Impl DFF        i:/WORK/SYS_TOP/DATA_SYNC/sync_bus_reg[1]

  Ref  DFF        r:/WORK/SYS_TOP/DATA_SYNC/sync_bus_reg[2]
  Impl DFF        i:/WORK/SYS_TOP/DATA_SYNC/sync_bus_reg[2]

  Ref  DFF        r:/WORK/SYS_TOP/DATA_SYNC/sync_bus_reg[3]
  Impl DFF        i:/WORK/SYS_TOP/DATA_SYNC/sync_bus_reg[3]

  Ref  DFF        r:/WORK/SYS_TOP/DATA_SYNC/sync_bus_reg[4]
  Impl DFF        i:/WORK/SYS_TOP/DATA_SYNC/sync_bus_reg[4]

  Ref  DFF        r:/WORK/SYS_TOP/DATA_SYNC/sync_bus_reg[5]
  Impl DFF        i:/WORK/SYS_TOP/DATA_SYNC/sync_bus_reg[5]

  Ref  DFF        r:/WORK/SYS_TOP/DATA_SYNC/sync_bus_reg[6]
  Impl DFF        i:/WORK/SYS_TOP/DATA_SYNC/sync_bus_reg[6]

  Ref  DFF        r:/WORK/SYS_TOP/DATA_SYNC/sync_bus_reg[7]
  Impl DFF        i:/WORK/SYS_TOP/DATA_SYNC/sync_bus_reg[7]

  Ref  DFF        r:/WORK/SYS_TOP/DELAY_ONE_PERIOD/Signal_delayed_reg
  Impl DFF        i:/WORK/SYS_TOP/DELAY_ONE_PERIOD/Signal_delayed_reg

  Ref  DFF        r:/WORK/SYS_TOP/PULSE_GENERATOR/PULSE_SIG_reg
  Impl DFF        i:/WORK/SYS_TOP/PULSE_GENERATOR/PULSE_SIG_reg

  Ref  DFF        r:/WORK/SYS_TOP/PULSE_GENERATOR/pulse_done_reg
  Impl DFF        i:/WORK/SYS_TOP/PULSE_GENERATOR/pulse_done_reg

  Ref  DFF        r:/WORK/SYS_TOP/REGISTER_FILE/RdData_Valid_reg
  Impl DFF        i:/WORK/SYS_TOP/REGISTER_FILE/RdData_Valid_reg

  Ref  DFF        r:/WORK/SYS_TOP/REGISTER_FILE/RdData_reg[0]
  Impl DFF        i:/WORK/SYS_TOP/REGISTER_FILE/RdData_reg[0]

  Ref  DFF        r:/WORK/SYS_TOP/REGISTER_FILE/RdData_reg[1]
  Impl DFF        i:/WORK/SYS_TOP/REGISTER_FILE/RdData_reg[1]

  Ref  DFF        r:/WORK/SYS_TOP/REGISTER_FILE/RdData_reg[2]
  Impl DFF        i:/WORK/SYS_TOP/REGISTER_FILE/RdData_reg[2]

  Ref  DFF        r:/WORK/SYS_TOP/REGISTER_FILE/RdData_reg[3]
  Impl DFF        i:/WORK/SYS_TOP/REGISTER_FILE/RdData_reg[3]

  Ref  DFF        r:/WORK/SYS_TOP/REGISTER_FILE/RdData_reg[4]
  Impl DFF        i:/WORK/SYS_TOP/REGISTER_FILE/RdData_reg[4]

  Ref  DFF        r:/WORK/SYS_TOP/REGISTER_FILE/RdData_reg[5]
  Impl DFF        i:/WORK/SYS_TOP/REGISTER_FILE/RdData_reg[5]

  Ref  DFF        r:/WORK/SYS_TOP/REGISTER_FILE/RdData_reg[6]
  Impl DFF        i:/WORK/SYS_TOP/REGISTER_FILE/RdData_reg[6]

  Ref  DFF        r:/WORK/SYS_TOP/REGISTER_FILE/RdData_reg[7]
  Impl DFF        i:/WORK/SYS_TOP/REGISTER_FILE/RdData_reg[7]

  Ref  DFF        r:/WORK/SYS_TOP/REGISTER_FILE/Reg_File_reg[0][0]
  Impl DFF        i:/WORK/SYS_TOP/REGISTER_FILE/Reg_File_reg[0][0]

  Ref  DFF        r:/WORK/SYS_TOP/REGISTER_FILE/Reg_File_reg[0][1]
  Impl DFF        i:/WORK/SYS_TOP/REGISTER_FILE/Reg_File_reg[0][1]

  Ref  DFF        r:/WORK/SYS_TOP/REGISTER_FILE/Reg_File_reg[0][2]
  Impl DFF        i:/WORK/SYS_TOP/REGISTER_FILE/Reg_File_reg[0][2]

  Ref  DFF        r:/WORK/SYS_TOP/REGISTER_FILE/Reg_File_reg[0][3]
  Impl DFF        i:/WORK/SYS_TOP/REGISTER_FILE/Reg_File_reg[0][3]

  Ref  DFF        r:/WORK/SYS_TOP/REGISTER_FILE/Reg_File_reg[0][4]
  Impl DFF        i:/WORK/SYS_TOP/REGISTER_FILE/Reg_File_reg[0][4]

  Ref  DFF        r:/WORK/SYS_TOP/REGISTER_FILE/Reg_File_reg[0][5]
  Impl DFF        i:/WORK/SYS_TOP/REGISTER_FILE/Reg_File_reg[0][5]

  Ref  DFF        r:/WORK/SYS_TOP/REGISTER_FILE/Reg_File_reg[0][6]
  Impl DFF        i:/WORK/SYS_TOP/REGISTER_FILE/Reg_File_reg[0][6]

  Ref  DFF        r:/WORK/SYS_TOP/REGISTER_FILE/Reg_File_reg[0][7]
  Impl DFF        i:/WORK/SYS_TOP/REGISTER_FILE/Reg_File_reg[0][7]

  Ref  DFF        r:/WORK/SYS_TOP/REGISTER_FILE/Reg_File_reg[10][0]
  Impl DFF        i:/WORK/SYS_TOP/REGISTER_FILE/Reg_File_reg[10][0]

  Ref  DFF        r:/WORK/SYS_TOP/REGISTER_FILE/Reg_File_reg[10][1]
  Impl DFF        i:/WORK/SYS_TOP/REGISTER_FILE/Reg_File_reg[10][1]

  Ref  DFF        r:/WORK/SYS_TOP/REGISTER_FILE/Reg_File_reg[10][2]
  Impl DFF        i:/WORK/SYS_TOP/REGISTER_FILE/Reg_File_reg[10][2]

  Ref  DFF        r:/WORK/SYS_TOP/REGISTER_FILE/Reg_File_reg[10][3]
  Impl DFF        i:/WORK/SYS_TOP/REGISTER_FILE/Reg_File_reg[10][3]

  Ref  DFF        r:/WORK/SYS_TOP/REGISTER_FILE/Reg_File_reg[10][4]
  Impl DFF        i:/WORK/SYS_TOP/REGISTER_FILE/Reg_File_reg[10][4]

  Ref  DFF        r:/WORK/SYS_TOP/REGISTER_FILE/Reg_File_reg[10][5]
  Impl DFF        i:/WORK/SYS_TOP/REGISTER_FILE/Reg_File_reg[10][5]

  Ref  DFF        r:/WORK/SYS_TOP/REGISTER_FILE/Reg_File_reg[10][6]
  Impl DFF        i:/WORK/SYS_TOP/REGISTER_FILE/Reg_File_reg[10][6]

  Ref  DFF        r:/WORK/SYS_TOP/REGISTER_FILE/Reg_File_reg[10][7]
  Impl DFF        i:/WORK/SYS_TOP/REGISTER_FILE/Reg_File_reg[10][7]

  Ref  DFF        r:/WORK/SYS_TOP/REGISTER_FILE/Reg_File_reg[11][0]
  Impl DFF        i:/WORK/SYS_TOP/REGISTER_FILE/Reg_File_reg[11][0]

  Ref  DFF        r:/WORK/SYS_TOP/REGISTER_FILE/Reg_File_reg[11][1]
  Impl DFF        i:/WORK/SYS_TOP/REGISTER_FILE/Reg_File_reg[11][1]

  Ref  DFF        r:/WORK/SYS_TOP/REGISTER_FILE/Reg_File_reg[11][2]
  Impl DFF        i:/WORK/SYS_TOP/REGISTER_FILE/Reg_File_reg[11][2]

  Ref  DFF        r:/WORK/SYS_TOP/REGISTER_FILE/Reg_File_reg[11][3]
  Impl DFF        i:/WORK/SYS_TOP/REGISTER_FILE/Reg_File_reg[11][3]

  Ref  DFF        r:/WORK/SYS_TOP/REGISTER_FILE/Reg_File_reg[11][4]
  Impl DFF        i:/WORK/SYS_TOP/REGISTER_FILE/Reg_File_reg[11][4]

  Ref  DFF        r:/WORK/SYS_TOP/REGISTER_FILE/Reg_File_reg[11][5]
  Impl DFF        i:/WORK/SYS_TOP/REGISTER_FILE/Reg_File_reg[11][5]

  Ref  DFF        r:/WORK/SYS_TOP/REGISTER_FILE/Reg_File_reg[11][6]
  Impl DFF        i:/WORK/SYS_TOP/REGISTER_FILE/Reg_File_reg[11][6]

  Ref  DFF        r:/WORK/SYS_TOP/REGISTER_FILE/Reg_File_reg[11][7]
  Impl DFF        i:/WORK/SYS_TOP/REGISTER_FILE/Reg_File_reg[11][7]

  Ref  DFF        r:/WORK/SYS_TOP/REGISTER_FILE/Reg_File_reg[12][0]
  Impl DFF        i:/WORK/SYS_TOP/REGISTER_FILE/Reg_File_reg[12][0]

  Ref  DFF        r:/WORK/SYS_TOP/REGISTER_FILE/Reg_File_reg[12][1]
  Impl DFF        i:/WORK/SYS_TOP/REGISTER_FILE/Reg_File_reg[12][1]

  Ref  DFF        r:/WORK/SYS_TOP/REGISTER_FILE/Reg_File_reg[12][2]
  Impl DFF        i:/WORK/SYS_TOP/REGISTER_FILE/Reg_File_reg[12][2]

  Ref  DFF        r:/WORK/SYS_TOP/REGISTER_FILE/Reg_File_reg[12][3]
  Impl DFF        i:/WORK/SYS_TOP/REGISTER_FILE/Reg_File_reg[12][3]

  Ref  DFF        r:/WORK/SYS_TOP/REGISTER_FILE/Reg_File_reg[12][4]
  Impl DFF        i:/WORK/SYS_TOP/REGISTER_FILE/Reg_File_reg[12][4]

  Ref  DFF        r:/WORK/SYS_TOP/REGISTER_FILE/Reg_File_reg[12][5]
  Impl DFF        i:/WORK/SYS_TOP/REGISTER_FILE/Reg_File_reg[12][5]

  Ref  DFF        r:/WORK/SYS_TOP/REGISTER_FILE/Reg_File_reg[12][6]
  Impl DFF        i:/WORK/SYS_TOP/REGISTER_FILE/Reg_File_reg[12][6]

  Ref  DFF        r:/WORK/SYS_TOP/REGISTER_FILE/Reg_File_reg[12][7]
  Impl DFF        i:/WORK/SYS_TOP/REGISTER_FILE/Reg_File_reg[12][7]

  Ref  DFF        r:/WORK/SYS_TOP/REGISTER_FILE/Reg_File_reg[13][0]
  Impl DFF        i:/WORK/SYS_TOP/REGISTER_FILE/Reg_File_reg[13][0]

  Ref  DFF        r:/WORK/SYS_TOP/REGISTER_FILE/Reg_File_reg[13][1]
  Impl DFF        i:/WORK/SYS_TOP/REGISTER_FILE/Reg_File_reg[13][1]

  Ref  DFF        r:/WORK/SYS_TOP/REGISTER_FILE/Reg_File_reg[13][2]
  Impl DFF        i:/WORK/SYS_TOP/REGISTER_FILE/Reg_File_reg[13][2]

  Ref  DFF        r:/WORK/SYS_TOP/REGISTER_FILE/Reg_File_reg[13][3]
  Impl DFF        i:/WORK/SYS_TOP/REGISTER_FILE/Reg_File_reg[13][3]

  Ref  DFF        r:/WORK/SYS_TOP/REGISTER_FILE/Reg_File_reg[13][4]
  Impl DFF        i:/WORK/SYS_TOP/REGISTER_FILE/Reg_File_reg[13][4]

  Ref  DFF        r:/WORK/SYS_TOP/REGISTER_FILE/Reg_File_reg[13][5]
  Impl DFF        i:/WORK/SYS_TOP/REGISTER_FILE/Reg_File_reg[13][5]

  Ref  DFF        r:/WORK/SYS_TOP/REGISTER_FILE/Reg_File_reg[13][6]
  Impl DFF        i:/WORK/SYS_TOP/REGISTER_FILE/Reg_File_reg[13][6]

  Ref  DFF        r:/WORK/SYS_TOP/REGISTER_FILE/Reg_File_reg[13][7]
  Impl DFF        i:/WORK/SYS_TOP/REGISTER_FILE/Reg_File_reg[13][7]

  Ref  DFF        r:/WORK/SYS_TOP/REGISTER_FILE/Reg_File_reg[14][0]
  Impl DFF        i:/WORK/SYS_TOP/REGISTER_FILE/Reg_File_reg[14][0]

  Ref  DFF        r:/WORK/SYS_TOP/REGISTER_FILE/Reg_File_reg[14][1]
  Impl DFF        i:/WORK/SYS_TOP/REGISTER_FILE/Reg_File_reg[14][1]

  Ref  DFF        r:/WORK/SYS_TOP/REGISTER_FILE/Reg_File_reg[14][2]
  Impl DFF        i:/WORK/SYS_TOP/REGISTER_FILE/Reg_File_reg[14][2]

  Ref  DFF        r:/WORK/SYS_TOP/REGISTER_FILE/Reg_File_reg[14][3]
  Impl DFF        i:/WORK/SYS_TOP/REGISTER_FILE/Reg_File_reg[14][3]

  Ref  DFF        r:/WORK/SYS_TOP/REGISTER_FILE/Reg_File_reg[14][4]
  Impl DFF        i:/WORK/SYS_TOP/REGISTER_FILE/Reg_File_reg[14][4]

  Ref  DFF        r:/WORK/SYS_TOP/REGISTER_FILE/Reg_File_reg[14][5]
  Impl DFF        i:/WORK/SYS_TOP/REGISTER_FILE/Reg_File_reg[14][5]

  Ref  DFF        r:/WORK/SYS_TOP/REGISTER_FILE/Reg_File_reg[14][6]
  Impl DFF        i:/WORK/SYS_TOP/REGISTER_FILE/Reg_File_reg[14][6]

  Ref  DFF        r:/WORK/SYS_TOP/REGISTER_FILE/Reg_File_reg[14][7]
  Impl DFF        i:/WORK/SYS_TOP/REGISTER_FILE/Reg_File_reg[14][7]

  Ref  DFF        r:/WORK/SYS_TOP/REGISTER_FILE/Reg_File_reg[15][0]
  Impl DFF        i:/WORK/SYS_TOP/REGISTER_FILE/Reg_File_reg[15][0]

  Ref  DFF        r:/WORK/SYS_TOP/REGISTER_FILE/Reg_File_reg[15][1]
  Impl DFF        i:/WORK/SYS_TOP/REGISTER_FILE/Reg_File_reg[15][1]

  Ref  DFF        r:/WORK/SYS_TOP/REGISTER_FILE/Reg_File_reg[15][2]
  Impl DFF        i:/WORK/SYS_TOP/REGISTER_FILE/Reg_File_reg[15][2]

  Ref  DFF        r:/WORK/SYS_TOP/REGISTER_FILE/Reg_File_reg[15][3]
  Impl DFF        i:/WORK/SYS_TOP/REGISTER_FILE/Reg_File_reg[15][3]

  Ref  DFF        r:/WORK/SYS_TOP/REGISTER_FILE/Reg_File_reg[15][4]
  Impl DFF        i:/WORK/SYS_TOP/REGISTER_FILE/Reg_File_reg[15][4]

  Ref  DFF        r:/WORK/SYS_TOP/REGISTER_FILE/Reg_File_reg[15][5]
  Impl DFF        i:/WORK/SYS_TOP/REGISTER_FILE/Reg_File_reg[15][5]

  Ref  DFF        r:/WORK/SYS_TOP/REGISTER_FILE/Reg_File_reg[15][6]
  Impl DFF        i:/WORK/SYS_TOP/REGISTER_FILE/Reg_File_reg[15][6]

  Ref  DFF        r:/WORK/SYS_TOP/REGISTER_FILE/Reg_File_reg[15][7]
  Impl DFF        i:/WORK/SYS_TOP/REGISTER_FILE/Reg_File_reg[15][7]

  Ref  DFF        r:/WORK/SYS_TOP/REGISTER_FILE/Reg_File_reg[1][0]
  Impl DFF        i:/WORK/SYS_TOP/REGISTER_FILE/Reg_File_reg[1][0]

  Ref  DFF        r:/WORK/SYS_TOP/REGISTER_FILE/Reg_File_reg[1][1]
  Impl DFF        i:/WORK/SYS_TOP/REGISTER_FILE/Reg_File_reg[1][1]

  Ref  DFF        r:/WORK/SYS_TOP/REGISTER_FILE/Reg_File_reg[1][2]
  Impl DFF        i:/WORK/SYS_TOP/REGISTER_FILE/Reg_File_reg[1][2]

  Ref  DFF        r:/WORK/SYS_TOP/REGISTER_FILE/Reg_File_reg[1][3]
  Impl DFF        i:/WORK/SYS_TOP/REGISTER_FILE/Reg_File_reg[1][3]

  Ref  DFF        r:/WORK/SYS_TOP/REGISTER_FILE/Reg_File_reg[1][4]
  Impl DFF        i:/WORK/SYS_TOP/REGISTER_FILE/Reg_File_reg[1][4]

  Ref  DFF        r:/WORK/SYS_TOP/REGISTER_FILE/Reg_File_reg[1][5]
  Impl DFF        i:/WORK/SYS_TOP/REGISTER_FILE/Reg_File_reg[1][5]

  Ref  DFF        r:/WORK/SYS_TOP/REGISTER_FILE/Reg_File_reg[1][6]
  Impl DFF        i:/WORK/SYS_TOP/REGISTER_FILE/Reg_File_reg[1][6]

  Ref  DFF        r:/WORK/SYS_TOP/REGISTER_FILE/Reg_File_reg[1][7]
  Impl DFF        i:/WORK/SYS_TOP/REGISTER_FILE/Reg_File_reg[1][7]

  Ref  DFF        r:/WORK/SYS_TOP/REGISTER_FILE/Reg_File_reg[2][0]
  Impl DFF        i:/WORK/SYS_TOP/REGISTER_FILE/Reg_File_reg[2][0]

  Ref  DFF        r:/WORK/SYS_TOP/REGISTER_FILE/Reg_File_reg[2][1]
  Impl DFF        i:/WORK/SYS_TOP/REGISTER_FILE/Reg_File_reg[2][1]

  Ref  DFF        r:/WORK/SYS_TOP/REGISTER_FILE/Reg_File_reg[2][2]
  Impl DFF        i:/WORK/SYS_TOP/REGISTER_FILE/Reg_File_reg[2][2]

  Ref  DFF        r:/WORK/SYS_TOP/REGISTER_FILE/Reg_File_reg[2][3]
  Impl DFF        i:/WORK/SYS_TOP/REGISTER_FILE/Reg_File_reg[2][3]

  Ref  DFF        r:/WORK/SYS_TOP/REGISTER_FILE/Reg_File_reg[2][4]
  Impl DFF        i:/WORK/SYS_TOP/REGISTER_FILE/Reg_File_reg[2][4]

  Ref  DFF        r:/WORK/SYS_TOP/REGISTER_FILE/Reg_File_reg[2][5]
  Impl DFF        i:/WORK/SYS_TOP/REGISTER_FILE/Reg_File_reg[2][5]

  Ref  DFF        r:/WORK/SYS_TOP/REGISTER_FILE/Reg_File_reg[2][6]
  Impl DFF        i:/WORK/SYS_TOP/REGISTER_FILE/Reg_File_reg[2][6]

  Ref  DFF        r:/WORK/SYS_TOP/REGISTER_FILE/Reg_File_reg[2][7]
  Impl DFF        i:/WORK/SYS_TOP/REGISTER_FILE/Reg_File_reg[2][7]

  Ref  DFF        r:/WORK/SYS_TOP/REGISTER_FILE/Reg_File_reg[3][0]
  Impl DFF        i:/WORK/SYS_TOP/REGISTER_FILE/Reg_File_reg[3][0]

  Ref  DFF        r:/WORK/SYS_TOP/REGISTER_FILE/Reg_File_reg[3][1]
  Impl DFF        i:/WORK/SYS_TOP/REGISTER_FILE/Reg_File_reg[3][1]

  Ref  DFF        r:/WORK/SYS_TOP/REGISTER_FILE/Reg_File_reg[3][2]
  Impl DFF        i:/WORK/SYS_TOP/REGISTER_FILE/Reg_File_reg[3][2]

  Ref  DFF        r:/WORK/SYS_TOP/REGISTER_FILE/Reg_File_reg[3][3]
  Impl DFF        i:/WORK/SYS_TOP/REGISTER_FILE/Reg_File_reg[3][3]

  Ref  DFF        r:/WORK/SYS_TOP/REGISTER_FILE/Reg_File_reg[3][4]
  Impl DFF        i:/WORK/SYS_TOP/REGISTER_FILE/Reg_File_reg[3][4]

  Ref  DFF        r:/WORK/SYS_TOP/REGISTER_FILE/Reg_File_reg[3][5]
  Impl DFF        i:/WORK/SYS_TOP/REGISTER_FILE/Reg_File_reg[3][5]

  Ref  DFF        r:/WORK/SYS_TOP/REGISTER_FILE/Reg_File_reg[3][6]
  Impl DFF        i:/WORK/SYS_TOP/REGISTER_FILE/Reg_File_reg[3][6]

  Ref  DFF        r:/WORK/SYS_TOP/REGISTER_FILE/Reg_File_reg[3][7]
  Impl DFF        i:/WORK/SYS_TOP/REGISTER_FILE/Reg_File_reg[3][7]

  Ref  DFF        r:/WORK/SYS_TOP/REGISTER_FILE/Reg_File_reg[4][0]
  Impl DFF        i:/WORK/SYS_TOP/REGISTER_FILE/Reg_File_reg[4][0]

  Ref  DFF        r:/WORK/SYS_TOP/REGISTER_FILE/Reg_File_reg[4][1]
  Impl DFF        i:/WORK/SYS_TOP/REGISTER_FILE/Reg_File_reg[4][1]

  Ref  DFF        r:/WORK/SYS_TOP/REGISTER_FILE/Reg_File_reg[4][2]
  Impl DFF        i:/WORK/SYS_TOP/REGISTER_FILE/Reg_File_reg[4][2]

  Ref  DFF        r:/WORK/SYS_TOP/REGISTER_FILE/Reg_File_reg[4][3]
  Impl DFF        i:/WORK/SYS_TOP/REGISTER_FILE/Reg_File_reg[4][3]

  Ref  DFF        r:/WORK/SYS_TOP/REGISTER_FILE/Reg_File_reg[4][4]
  Impl DFF        i:/WORK/SYS_TOP/REGISTER_FILE/Reg_File_reg[4][4]

  Ref  DFF        r:/WORK/SYS_TOP/REGISTER_FILE/Reg_File_reg[4][5]
  Impl DFF        i:/WORK/SYS_TOP/REGISTER_FILE/Reg_File_reg[4][5]

  Ref  DFF        r:/WORK/SYS_TOP/REGISTER_FILE/Reg_File_reg[4][6]
  Impl DFF        i:/WORK/SYS_TOP/REGISTER_FILE/Reg_File_reg[4][6]

  Ref  DFF        r:/WORK/SYS_TOP/REGISTER_FILE/Reg_File_reg[4][7]
  Impl DFF        i:/WORK/SYS_TOP/REGISTER_FILE/Reg_File_reg[4][7]

  Ref  DFF        r:/WORK/SYS_TOP/REGISTER_FILE/Reg_File_reg[5][0]
  Impl DFF        i:/WORK/SYS_TOP/REGISTER_FILE/Reg_File_reg[5][0]

  Ref  DFF        r:/WORK/SYS_TOP/REGISTER_FILE/Reg_File_reg[5][1]
  Impl DFF        i:/WORK/SYS_TOP/REGISTER_FILE/Reg_File_reg[5][1]

  Ref  DFF        r:/WORK/SYS_TOP/REGISTER_FILE/Reg_File_reg[5][2]
  Impl DFF        i:/WORK/SYS_TOP/REGISTER_FILE/Reg_File_reg[5][2]

  Ref  DFF        r:/WORK/SYS_TOP/REGISTER_FILE/Reg_File_reg[5][3]
  Impl DFF        i:/WORK/SYS_TOP/REGISTER_FILE/Reg_File_reg[5][3]

  Ref  DFF        r:/WORK/SYS_TOP/REGISTER_FILE/Reg_File_reg[5][4]
  Impl DFF        i:/WORK/SYS_TOP/REGISTER_FILE/Reg_File_reg[5][4]

  Ref  DFF        r:/WORK/SYS_TOP/REGISTER_FILE/Reg_File_reg[5][5]
  Impl DFF        i:/WORK/SYS_TOP/REGISTER_FILE/Reg_File_reg[5][5]

  Ref  DFF        r:/WORK/SYS_TOP/REGISTER_FILE/Reg_File_reg[5][6]
  Impl DFF        i:/WORK/SYS_TOP/REGISTER_FILE/Reg_File_reg[5][6]

  Ref  DFF        r:/WORK/SYS_TOP/REGISTER_FILE/Reg_File_reg[5][7]
  Impl DFF        i:/WORK/SYS_TOP/REGISTER_FILE/Reg_File_reg[5][7]

  Ref  DFF        r:/WORK/SYS_TOP/REGISTER_FILE/Reg_File_reg[6][0]
  Impl DFF        i:/WORK/SYS_TOP/REGISTER_FILE/Reg_File_reg[6][0]

  Ref  DFF        r:/WORK/SYS_TOP/REGISTER_FILE/Reg_File_reg[6][1]
  Impl DFF        i:/WORK/SYS_TOP/REGISTER_FILE/Reg_File_reg[6][1]

  Ref  DFF        r:/WORK/SYS_TOP/REGISTER_FILE/Reg_File_reg[6][2]
  Impl DFF        i:/WORK/SYS_TOP/REGISTER_FILE/Reg_File_reg[6][2]

  Ref  DFF        r:/WORK/SYS_TOP/REGISTER_FILE/Reg_File_reg[6][3]
  Impl DFF        i:/WORK/SYS_TOP/REGISTER_FILE/Reg_File_reg[6][3]

  Ref  DFF        r:/WORK/SYS_TOP/REGISTER_FILE/Reg_File_reg[6][4]
  Impl DFF        i:/WORK/SYS_TOP/REGISTER_FILE/Reg_File_reg[6][4]

  Ref  DFF        r:/WORK/SYS_TOP/REGISTER_FILE/Reg_File_reg[6][5]
  Impl DFF        i:/WORK/SYS_TOP/REGISTER_FILE/Reg_File_reg[6][5]

  Ref  DFF        r:/WORK/SYS_TOP/REGISTER_FILE/Reg_File_reg[6][6]
  Impl DFF        i:/WORK/SYS_TOP/REGISTER_FILE/Reg_File_reg[6][6]

  Ref  DFF        r:/WORK/SYS_TOP/REGISTER_FILE/Reg_File_reg[6][7]
  Impl DFF        i:/WORK/SYS_TOP/REGISTER_FILE/Reg_File_reg[6][7]

  Ref  DFF        r:/WORK/SYS_TOP/REGISTER_FILE/Reg_File_reg[7][0]
  Impl DFF        i:/WORK/SYS_TOP/REGISTER_FILE/Reg_File_reg[7][0]

  Ref  DFF        r:/WORK/SYS_TOP/REGISTER_FILE/Reg_File_reg[7][1]
  Impl DFF        i:/WORK/SYS_TOP/REGISTER_FILE/Reg_File_reg[7][1]

  Ref  DFF        r:/WORK/SYS_TOP/REGISTER_FILE/Reg_File_reg[7][2]
  Impl DFF        i:/WORK/SYS_TOP/REGISTER_FILE/Reg_File_reg[7][2]

  Ref  DFF        r:/WORK/SYS_TOP/REGISTER_FILE/Reg_File_reg[7][3]
  Impl DFF        i:/WORK/SYS_TOP/REGISTER_FILE/Reg_File_reg[7][3]

  Ref  DFF        r:/WORK/SYS_TOP/REGISTER_FILE/Reg_File_reg[7][4]
  Impl DFF        i:/WORK/SYS_TOP/REGISTER_FILE/Reg_File_reg[7][4]

  Ref  DFF        r:/WORK/SYS_TOP/REGISTER_FILE/Reg_File_reg[7][5]
  Impl DFF        i:/WORK/SYS_TOP/REGISTER_FILE/Reg_File_reg[7][5]

  Ref  DFF        r:/WORK/SYS_TOP/REGISTER_FILE/Reg_File_reg[7][6]
  Impl DFF        i:/WORK/SYS_TOP/REGISTER_FILE/Reg_File_reg[7][6]

  Ref  DFF        r:/WORK/SYS_TOP/REGISTER_FILE/Reg_File_reg[7][7]
  Impl DFF        i:/WORK/SYS_TOP/REGISTER_FILE/Reg_File_reg[7][7]

  Ref  DFF        r:/WORK/SYS_TOP/REGISTER_FILE/Reg_File_reg[8][0]
  Impl DFF        i:/WORK/SYS_TOP/REGISTER_FILE/Reg_File_reg[8][0]

  Ref  DFF        r:/WORK/SYS_TOP/REGISTER_FILE/Reg_File_reg[8][1]
  Impl DFF        i:/WORK/SYS_TOP/REGISTER_FILE/Reg_File_reg[8][1]

  Ref  DFF        r:/WORK/SYS_TOP/REGISTER_FILE/Reg_File_reg[8][2]
  Impl DFF        i:/WORK/SYS_TOP/REGISTER_FILE/Reg_File_reg[8][2]

  Ref  DFF        r:/WORK/SYS_TOP/REGISTER_FILE/Reg_File_reg[8][3]
  Impl DFF        i:/WORK/SYS_TOP/REGISTER_FILE/Reg_File_reg[8][3]

  Ref  DFF        r:/WORK/SYS_TOP/REGISTER_FILE/Reg_File_reg[8][4]
  Impl DFF        i:/WORK/SYS_TOP/REGISTER_FILE/Reg_File_reg[8][4]

  Ref  DFF        r:/WORK/SYS_TOP/REGISTER_FILE/Reg_File_reg[8][5]
  Impl DFF        i:/WORK/SYS_TOP/REGISTER_FILE/Reg_File_reg[8][5]

  Ref  DFF        r:/WORK/SYS_TOP/REGISTER_FILE/Reg_File_reg[8][6]
  Impl DFF        i:/WORK/SYS_TOP/REGISTER_FILE/Reg_File_reg[8][6]

  Ref  DFF        r:/WORK/SYS_TOP/REGISTER_FILE/Reg_File_reg[8][7]
  Impl DFF        i:/WORK/SYS_TOP/REGISTER_FILE/Reg_File_reg[8][7]

  Ref  DFF        r:/WORK/SYS_TOP/REGISTER_FILE/Reg_File_reg[9][0]
  Impl DFF        i:/WORK/SYS_TOP/REGISTER_FILE/Reg_File_reg[9][0]

  Ref  DFF        r:/WORK/SYS_TOP/REGISTER_FILE/Reg_File_reg[9][1]
  Impl DFF        i:/WORK/SYS_TOP/REGISTER_FILE/Reg_File_reg[9][1]

  Ref  DFF        r:/WORK/SYS_TOP/REGISTER_FILE/Reg_File_reg[9][2]
  Impl DFF        i:/WORK/SYS_TOP/REGISTER_FILE/Reg_File_reg[9][2]

  Ref  DFF        r:/WORK/SYS_TOP/REGISTER_FILE/Reg_File_reg[9][3]
  Impl DFF        i:/WORK/SYS_TOP/REGISTER_FILE/Reg_File_reg[9][3]

  Ref  DFF        r:/WORK/SYS_TOP/REGISTER_FILE/Reg_File_reg[9][4]
  Impl DFF        i:/WORK/SYS_TOP/REGISTER_FILE/Reg_File_reg[9][4]

  Ref  DFF        r:/WORK/SYS_TOP/REGISTER_FILE/Reg_File_reg[9][5]
  Impl DFF        i:/WORK/SYS_TOP/REGISTER_FILE/Reg_File_reg[9][5]

  Ref  DFF        r:/WORK/SYS_TOP/REGISTER_FILE/Reg_File_reg[9][6]
  Impl DFF        i:/WORK/SYS_TOP/REGISTER_FILE/Reg_File_reg[9][6]

  Ref  DFF        r:/WORK/SYS_TOP/REGISTER_FILE/Reg_File_reg[9][7]
  Impl DFF        i:/WORK/SYS_TOP/REGISTER_FILE/Reg_File_reg[9][7]

  Ref  DFF        r:/WORK/SYS_TOP/RST_SYN_REF/ff_reg[0]
  Impl DFF        i:/WORK/SYS_TOP/RST_SYN_REF/ff_reg[0]

  Ref  DFF        r:/WORK/SYS_TOP/RST_SYN_REF/ff_reg[1]
  Impl DFF        i:/WORK/SYS_TOP/RST_SYN_REF/ff_reg[1]

  Ref  DFF        r:/WORK/SYS_TOP/RST_SYN_UART/ff_reg[0]
  Impl DFF        i:/WORK/SYS_TOP/RST_SYN_UART/ff_reg[0]

  Ref  DFF        r:/WORK/SYS_TOP/RST_SYN_UART/ff_reg[1]
  Impl DFF        i:/WORK/SYS_TOP/RST_SYN_UART/ff_reg[1]

  Ref  DFF        r:/WORK/SYS_TOP/UART/UART_Rx/FSM_block/dat_samp_en_reg
  Impl DFF        i:/WORK/SYS_TOP/UART/UART_Rx/FSM_block/dat_samp_en_reg

  Ref  DFF        r:/WORK/SYS_TOP/UART/UART_Rx/FSM_block/data_valid_reg
  Impl DFF        i:/WORK/SYS_TOP/UART/UART_Rx/FSM_block/data_valid_reg

  Ref  DFF        r:/WORK/SYS_TOP/UART/UART_Rx/FSM_block/deser_en_reg
  Impl DFF        i:/WORK/SYS_TOP/UART/UART_Rx/FSM_block/deser_en_reg

  Ref  DFF        r:/WORK/SYS_TOP/UART/UART_Rx/FSM_block/enable_reg
  Impl DFF        i:/WORK/SYS_TOP/UART/UART_Rx/FSM_block/enable_reg

  Ref  DFF        r:/WORK/SYS_TOP/UART/UART_Rx/FSM_block/par_chk_en_reg
  Impl DFF        i:/WORK/SYS_TOP/UART/UART_Rx/FSM_block/par_chk_en_reg

  Ref  DFF        r:/WORK/SYS_TOP/UART/UART_Rx/FSM_block/state_reg[0]
  Impl DFF        i:/WORK/SYS_TOP/UART/UART_Rx/FSM_block/state_reg[0]

  Ref  DFF        r:/WORK/SYS_TOP/UART/UART_Rx/FSM_block/state_reg[1]
  Impl DFF        i:/WORK/SYS_TOP/UART/UART_Rx/FSM_block/state_reg[1]

  Ref  DFF        r:/WORK/SYS_TOP/UART/UART_Rx/FSM_block/state_reg[2]
  Impl DFF        i:/WORK/SYS_TOP/UART/UART_Rx/FSM_block/state_reg[2]

  Ref  DFF        r:/WORK/SYS_TOP/UART/UART_Rx/FSM_block/stp_chk_en_reg
  Impl DFF        i:/WORK/SYS_TOP/UART/UART_Rx/FSM_block/stp_chk_en_reg

  Ref  DFF        r:/WORK/SYS_TOP/UART/UART_Rx/FSM_block/strt_chk_en_reg
  Impl DFF        i:/WORK/SYS_TOP/UART/UART_Rx/FSM_block/strt_chk_en_reg

  Ref  DFF        r:/WORK/SYS_TOP/UART/UART_Rx/data_sampling_block/sampled_bit_reg
  Impl DFF        i:/WORK/SYS_TOP/UART/UART_Rx/data_sampling_block/sampled_bit_reg

  Ref  DFF        r:/WORK/SYS_TOP/UART/UART_Rx/data_sampling_block/saving_reg[0]
  Impl DFF        i:/WORK/SYS_TOP/UART/UART_Rx/data_sampling_block/saving_reg[0]

  Ref  DFF        r:/WORK/SYS_TOP/UART/UART_Rx/data_sampling_block/saving_reg[1]
  Impl DFF        i:/WORK/SYS_TOP/UART/UART_Rx/data_sampling_block/saving_reg[1]

  Ref  DFF        r:/WORK/SYS_TOP/UART/UART_Rx/deserializer_block/P_DATA_reg[0]
  Impl DFF        i:/WORK/SYS_TOP/UART/UART_Rx/deserializer_block/P_DATA_reg[0]

  Ref  DFF        r:/WORK/SYS_TOP/UART/UART_Rx/deserializer_block/P_DATA_reg[1]
  Impl DFF        i:/WORK/SYS_TOP/UART/UART_Rx/deserializer_block/P_DATA_reg[1]

  Ref  DFF        r:/WORK/SYS_TOP/UART/UART_Rx/deserializer_block/P_DATA_reg[2]
  Impl DFF        i:/WORK/SYS_TOP/UART/UART_Rx/deserializer_block/P_DATA_reg[2]

  Ref  DFF        r:/WORK/SYS_TOP/UART/UART_Rx/deserializer_block/P_DATA_reg[3]
  Impl DFF        i:/WORK/SYS_TOP/UART/UART_Rx/deserializer_block/P_DATA_reg[3]

  Ref  DFF        r:/WORK/SYS_TOP/UART/UART_Rx/deserializer_block/P_DATA_reg[4]
  Impl DFF        i:/WORK/SYS_TOP/UART/UART_Rx/deserializer_block/P_DATA_reg[4]

  Ref  DFF        r:/WORK/SYS_TOP/UART/UART_Rx/deserializer_block/P_DATA_reg[5]
  Impl DFF        i:/WORK/SYS_TOP/UART/UART_Rx/deserializer_block/P_DATA_reg[5]

  Ref  DFF        r:/WORK/SYS_TOP/UART/UART_Rx/deserializer_block/P_DATA_reg[6]
  Impl DFF        i:/WORK/SYS_TOP/UART/UART_Rx/deserializer_block/P_DATA_reg[6]

  Ref  DFF        r:/WORK/SYS_TOP/UART/UART_Rx/deserializer_block/P_DATA_reg[7]
  Impl DFF        i:/WORK/SYS_TOP/UART/UART_Rx/deserializer_block/P_DATA_reg[7]

  Ref  DFF        r:/WORK/SYS_TOP/UART/UART_Rx/edge_bit_counter_block/bit_cnt_reg[0]
  Impl DFF        i:/WORK/SYS_TOP/UART/UART_Rx/edge_bit_counter_block/bit_cnt_reg[0]

  Ref  DFF        r:/WORK/SYS_TOP/UART/UART_Rx/edge_bit_counter_block/bit_cnt_reg[1]
  Impl DFF        i:/WORK/SYS_TOP/UART/UART_Rx/edge_bit_counter_block/bit_cnt_reg[1]

  Ref  DFF        r:/WORK/SYS_TOP/UART/UART_Rx/edge_bit_counter_block/bit_cnt_reg[2]
  Impl DFF        i:/WORK/SYS_TOP/UART/UART_Rx/edge_bit_counter_block/bit_cnt_reg[2]

  Ref  DFF        r:/WORK/SYS_TOP/UART/UART_Rx/edge_bit_counter_block/bit_cnt_reg[3]
  Impl DFF        i:/WORK/SYS_TOP/UART/UART_Rx/edge_bit_counter_block/bit_cnt_reg[3]

  Ref  DFF        r:/WORK/SYS_TOP/UART/UART_Rx/edge_bit_counter_block/edge_cnt_reg[0]
  Impl DFF        i:/WORK/SYS_TOP/UART/UART_Rx/edge_bit_counter_block/edge_cnt_reg[0]

  Ref  DFF        r:/WORK/SYS_TOP/UART/UART_Rx/edge_bit_counter_block/edge_cnt_reg[1]
  Impl DFF        i:/WORK/SYS_TOP/UART/UART_Rx/edge_bit_counter_block/edge_cnt_reg[1]

  Ref  DFF        r:/WORK/SYS_TOP/UART/UART_Rx/edge_bit_counter_block/edge_cnt_reg[2]
  Impl DFF        i:/WORK/SYS_TOP/UART/UART_Rx/edge_bit_counter_block/edge_cnt_reg[2]

  Ref  DFF        r:/WORK/SYS_TOP/UART/UART_Rx/edge_bit_counter_block/edge_cnt_reg[3]
  Impl DFF        i:/WORK/SYS_TOP/UART/UART_Rx/edge_bit_counter_block/edge_cnt_reg[3]

  Ref  DFF        r:/WORK/SYS_TOP/UART/UART_Rx/edge_bit_counter_block/edge_cnt_reg[4]
  Impl DFF        i:/WORK/SYS_TOP/UART/UART_Rx/edge_bit_counter_block/edge_cnt_reg[4]

  Ref  DFF        r:/WORK/SYS_TOP/UART/UART_Tx/linkFSM/busy_reg
  Impl DFF        i:/WORK/SYS_TOP/UART/UART_Tx/linkFSM/busy_reg

  Ref  DFF        r:/WORK/SYS_TOP/UART/UART_Tx/linkFSM/mux_sel_reg[0]
  Impl DFF        i:/WORK/SYS_TOP/UART/UART_Tx/linkFSM/mux_sel_reg[0]

  Ref  DFF        r:/WORK/SYS_TOP/UART/UART_Tx/linkFSM/mux_sel_reg[1]
  Impl DFF        i:/WORK/SYS_TOP/UART/UART_Tx/linkFSM/mux_sel_reg[1]

  Ref  DFF        r:/WORK/SYS_TOP/UART/UART_Tx/linkFSM/ser_en_reg
  Impl DFF        i:/WORK/SYS_TOP/UART/UART_Tx/linkFSM/ser_en_reg

  Ref  DFF        r:/WORK/SYS_TOP/UART/UART_Tx/linkFSM/state_reg[0]
  Impl DFF        i:/WORK/SYS_TOP/UART/UART_Tx/linkFSM/state_reg[0]

  Ref  DFF        r:/WORK/SYS_TOP/UART/UART_Tx/linkFSM/state_reg[1]
  Impl DFF        i:/WORK/SYS_TOP/UART/UART_Tx/linkFSM/state_reg[1]

  Ref  DFF        r:/WORK/SYS_TOP/UART/UART_Tx/linkFSM/state_reg[2]
  Impl DFF        i:/WORK/SYS_TOP/UART/UART_Tx/linkFSM/state_reg[2]

  Ref  DFF        r:/WORK/SYS_TOP/UART/UART_Tx/linkserializer/P_DATA_save_reg[0]
  Impl DFF        i:/WORK/SYS_TOP/UART/UART_Tx/linkserializer/P_DATA_save_reg[0]

  Ref  DFF        r:/WORK/SYS_TOP/UART/UART_Tx/linkserializer/P_DATA_save_reg[1]
  Impl DFF        i:/WORK/SYS_TOP/UART/UART_Tx/linkserializer/P_DATA_save_reg[1]

  Ref  DFF        r:/WORK/SYS_TOP/UART/UART_Tx/linkserializer/P_DATA_save_reg[2]
  Impl DFF        i:/WORK/SYS_TOP/UART/UART_Tx/linkserializer/P_DATA_save_reg[2]

  Ref  DFF        r:/WORK/SYS_TOP/UART/UART_Tx/linkserializer/P_DATA_save_reg[3]
  Impl DFF        i:/WORK/SYS_TOP/UART/UART_Tx/linkserializer/P_DATA_save_reg[3]

  Ref  DFF        r:/WORK/SYS_TOP/UART/UART_Tx/linkserializer/P_DATA_save_reg[4]
  Impl DFF        i:/WORK/SYS_TOP/UART/UART_Tx/linkserializer/P_DATA_save_reg[4]

  Ref  DFF        r:/WORK/SYS_TOP/UART/UART_Tx/linkserializer/P_DATA_save_reg[5]
  Impl DFF        i:/WORK/SYS_TOP/UART/UART_Tx/linkserializer/P_DATA_save_reg[5]

  Ref  DFF        r:/WORK/SYS_TOP/UART/UART_Tx/linkserializer/P_DATA_save_reg[6]
  Impl DFF        i:/WORK/SYS_TOP/UART/UART_Tx/linkserializer/P_DATA_save_reg[6]

  Ref  DFF        r:/WORK/SYS_TOP/UART/UART_Tx/linkserializer/P_DATA_save_reg[7]
  Impl DFF        i:/WORK/SYS_TOP/UART/UART_Tx/linkserializer/P_DATA_save_reg[7]

  Ref  DFF        r:/WORK/SYS_TOP/UART/UART_Tx/linkserializer/count_reg[0]
  Impl DFF        i:/WORK/SYS_TOP/UART/UART_Tx/linkserializer/count_reg[0]

  Ref  DFF        r:/WORK/SYS_TOP/UART/UART_Tx/linkserializer/count_reg[1]
  Impl DFF        i:/WORK/SYS_TOP/UART/UART_Tx/linkserializer/count_reg[1]

  Ref  DFF        r:/WORK/SYS_TOP/UART/UART_Tx/linkserializer/count_reg[2]
  Impl DFF        i:/WORK/SYS_TOP/UART/UART_Tx/linkserializer/count_reg[2]

  Ref  DFF        r:/WORK/SYS_TOP/UART/UART_Tx/linkserializer/ser_data_reg
  Impl DFF        i:/WORK/SYS_TOP/UART/UART_Tx/linkserializer/ser_data_reg

  Ref  DFF        r:/WORK/SYS_TOP/UART/UART_Tx/linkserializer/ser_done_reg
  Impl DFF        i:/WORK/SYS_TOP/UART/UART_Tx/linkserializer/ser_done_reg

  Ref  Port       r:/WORK/SYS_TOP/TX_OUT
  Impl Port       i:/WORK/SYS_TOP/TX_OUT

  Ref  Port       r:/WORK/SYS_TOP/framing_error
  Impl Port       i:/WORK/SYS_TOP/framing_error

  Ref  Port       r:/WORK/SYS_TOP/parity_error
  Impl Port       i:/WORK/SYS_TOP/parity_error

 [BBNet: multiply-driven net
  BBPin: black-box pin
  Cut:   cut-point
  DFF:   non-constant DFF register
  DFF0:  constant 0 DFF register
  DFF1:  constant 1 DFF register
  DFFX:  constant X DFF register
  DFF0X: constrained 0X DFF register
  DFF1X: constrained 1X DFF register
  LAT:   non-constant latch register
  LAT0:  constant 0 latch register
  LAT1:  constant 1 latch register
  LATX:  constant X latch register
  LAT0X: constrained 0X latch register
  LAT1X: constrained 1X latch register
  LATCG: clock-gating latch register
  TLA:   transparent latch register
  TLA0X: transparent constrained 0X latch register
  TLA1X: transparent constrained 1X latch register
  Loop:  cycle break point
  Port:  primary (top-level) port
  Und:   undriven signal cut-point
  Unk:   unknown signal cut-point]

1
